# JRE version: Java(TM) SE Runtime Environment (8.0_291-b10) (build 1.8.0_291-b10)
# Java VM: Java HotSpot(TM) 64-Bit Server VM (25.291-b10 mixed mode windows-amd64 compressed oops)
Heap:
 PSYoungGen      total 124928K, used 78814K [0x00000000f5580000, 0x00000000fe000000, 0x0000000100000000)
  eden space 118272K, 64% used [0x00000000f5580000,0x00000000f9f8ca68,0x00000000fc900000)
  from space 6656K, 44% used [0x00000000fd980000,0x00000000fdc6afc0,0x00000000fe000000)
  to   space 10752K, 0% used [0x00000000fcb00000,0x00000000fcb00000,0x00000000fd580000)
 ParOldGen       total 183808K, used 12560K [0x00000000e0000000, 0x00000000eb380000, 0x00000000f5580000)
  object space 183808K, 6% used [0x00000000e0000000,0x00000000e0c44360,0x00000000eb380000)
 Metaspace       used 42138K, capacity 44060K, committed 44120K, reserved 1087488K
  class space    used 5815K, capacity 6234K, committed 6272K, reserved 1048576K
GC Heap History (10 events):
Event: 3.170 GC heap before
{Heap before GC invocations=6 (full 1):
 PSYoungGen      total 99328K, used 33502K [0x00000000f5580000, 0x00000000fc100000, 0x0000000100000000)
  eden space 88576K, 28% used [0x00000000f5580000,0x00000000f6e06a38,0x00000000fac00000)
  from space 10752K, 78% used [0x00000000fb680000,0x00000000fbeb0f18,0x00000000fc100000)
  to   space 10752K, 0% used [0x00000000fac00000,0x00000000fac00000,0x00000000fb680000)
 ParOldGen       total 115200K, used 9696K [0x00000000e0000000, 0x00000000e7080000, 0x00000000f5580000)
  object space 115200K, 8% used [0x00000000e0000000,0x00000000e09782c8,0x00000000e7080000)
 Metaspace       used 33884K, capacity 35338K, committed 35416K, reserved 1079296K
  class space    used 4643K, capacity 4971K, committed 4992K, reserved 1048576K
Event: 3.175 GC heap after
Heap after GC invocations=6 (full 1):
 PSYoungGen      total 99328K, used 7491K [0x00000000f5580000, 0x00000000fe400000, 0x0000000100000000)
  eden space 88576K, 0% used [0x00000000f5580000,0x00000000f5580000,0x00000000fac00000)
  from space 10752K, 69% used [0x00000000fac00000,0x00000000fb350d68,0x00000000fb680000)
  to   space 10752K, 0% used [0x00000000fd980000,0x00000000fd980000,0x00000000fe400000)
 ParOldGen       total 115200K, used 9704K [0x00000000e0000000, 0x00000000e7080000, 0x00000000f5580000)
  object space 115200K, 8% used [0x00000000e0000000,0x00000000e097a2c8,0x00000000e7080000)
 Metaspace       used 33884K, capacity 35338K, committed 35416K, reserved 1079296K
  class space    used 4643K, capacity 4971K, committed 4992K, reserved 1048576K
}
Event: 3.175 GC heap before
{Heap before GC invocations=7 (full 2):
 PSYoungGen      total 99328K, used 7491K [0x00000000f5580000, 0x00000000fe400000, 0x0000000100000000)
  eden space 88576K, 0% used [0x00000000f5580000,0x00000000f5580000,0x00000000fac00000)
  from space 10752K, 69% used [0x00000000fac00000,0x00000000fb350d68,0x00000000fb680000)
  to   space 10752K, 0% used [0x00000000fd980000,0x00000000fd980000,0x00000000fe400000)
 ParOldGen       total 115200K, used 9704K [0x00000000e0000000, 0x00000000e7080000, 0x00000000f5580000)
  object space 115200K, 8% used [0x00000000e0000000,0x00000000e097a2c8,0x00000000e7080000)
 Metaspace       used 33884K, capacity 35338K, committed 35416K, reserved 1079296K
  class space    used 4643K, capacity 4971K, committed 4992K, reserved 1048576K
Event: 3.205 GC heap after
Heap after GC invocations=7 (full 2):
 PSYoungGen      total 99328K, used 0K [0x00000000f5580000, 0x00000000fe400000, 0x0000000100000000)
  eden space 88576K, 0% used [0x00000000f5580000,0x00000000f5580000,0x00000000fac00000)
  from space 10752K, 0% used [0x00000000fac00000,0x00000000fac00000,0x00000000fb680000)
  to   space 10752K, 0% used [0x00000000fd980000,0x00000000fd980000,0x00000000fe400000)
 ParOldGen       total 183808K, used 12536K [0x00000000e0000000, 0x00000000eb380000, 0x00000000f5580000)
  object space 183808K, 6% used [0x00000000e0000000,0x00000000e0c3e360,0x00000000eb380000)
 Metaspace       used 33884K, capacity 35338K, committed 35416K, reserved 1079296K
  class space    used 4643K, capacity 4971K, committed 4992K, reserved 1048576K
}
Event: 5.130 GC heap before
{Heap before GC invocations=8 (full 2):
 PSYoungGen      total 99328K, used 88576K [0x00000000f5580000, 0x00000000fe400000, 0x0000000100000000)
  eden space 88576K, 100% used [0x00000000f5580000,0x00000000fac00000,0x00000000fac00000)
  from space 10752K, 0% used [0x00000000fac00000,0x00000000fac00000,0x00000000fb680000)
  to   space 10752K, 0% used [0x00000000fd980000,0x00000000fd980000,0x00000000fe400000)
 ParOldGen       total 183808K, used 12536K [0x00000000e0000000, 0x00000000eb380000, 0x00000000f5580000)
  object space 183808K, 6% used [0x00000000e0000000,0x00000000e0c3e360,0x00000000eb380000)
 Metaspace       used 39661K, capacity 41574K, committed 41816K, reserved 1085440K
  class space    used 5533K, capacity 5969K, committed 6016K, reserved 1048576K
Event: 5.136 GC heap after
Heap after GC invocations=8 (full 2):
 PSYoungGen      total 124928K, used 6234K [0x00000000f5580000, 0x00000000fe000000, 0x0000000100000000)
  eden space 118272K, 0% used [0x00000000f5580000,0x00000000f5580000,0x00000000fc900000)
  from space 6656K, 93% used [0x00000000fd980000,0x00000000fdf96b20,0x00000000fe000000)
  to   space 10752K, 0% used [0x00000000fcb00000,0x00000000fcb00000,0x00000000fd580000)
 ParOldGen       total 183808K, used 12544K [0x00000000e0000000, 0x00000000eb380000, 0x00000000f5580000)
  object space 183808K, 6% used [0x00000000e0000000,0x00000000e0c40360,0x00000000eb380000)
 Metaspace       used 39661K, capacity 41574K, committed 41816K, reserved 1085440K
  class space    used 5533K, capacity 5969K, committed 6016K, reserved 1048576K
}
Event: 7.990 GC heap before
{Heap before GC invocations=9 (full 2):
 PSYoungGen      total 124928K, used 124506K [0x00000000f5580000, 0x00000000fe000000, 0x0000000100000000)
  eden space 118272K, 100% used [0x00000000f5580000,0x00000000fc900000,0x00000000fc900000)
  from space 6656K, 93% used [0x00000000fd980000,0x00000000fdf96b20,0x00000000fe000000)
  to   space 10752K, 0% used [0x00000000fcb00000,0x00000000fcb00000,0x00000000fd580000)
 ParOldGen       total 183808K, used 12544K [0x00000000e0000000, 0x00000000eb380000, 0x00000000f5580000)
  object space 183808K, 6% used [0x00000000e0000000,0x00000000e0c40360,0x00000000eb380000)
 Metaspace       used 42039K, capacity 43972K, committed 44120K, reserved 1087488K
  class space    used 5804K, capacity 6224K, committed 6272K, reserved 1048576K
Event: 7.993 GC heap after
Heap after GC invocations=9 (full 2):
 PSYoungGen      total 129024K, used 3519K [0x00000000f5580000, 0x00000000fe000000, 0x0000000100000000)
  eden space 118272K, 0% used [0x00000000f5580000,0x00000000f5580000,0x00000000fc900000)
  from space 10752K, 32% used [0x00000000fcb00000,0x00000000fce6fcd0,0x00000000fd580000)
  to   space 6656K, 0% used [0x00000000fd980000,0x00000000fd980000,0x00000000fe000000)
 ParOldGen       total 183808K, used 12552K [0x00000000e0000000, 0x00000000eb380000, 0x00000000f5580000)
  object space 183808K, 6% used [0x00000000e0000000,0x00000000e0c42360,0x00000000eb380000)
 Metaspace       used 42039K, capacity 43972K, committed 44120K, reserved 1087488K
  class space    used 5804K, capacity 6224K, committed 6272K, reserved 1048576K
}
Event: 8.415 GC heap before
{Heap before GC invocations=10 (full 2):
 PSYoungGen      total 129024K, used 121791K [0x00000000f5580000, 0x00000000fe000000, 0x0000000100000000)
  eden space 118272K, 100% used [0x00000000f5580000,0x00000000fc900000,0x00000000fc900000)
  from space 10752K, 32% used [0x00000000fcb00000,0x00000000fce6fcd0,0x00000000fd580000)
  to   space 6656K, 0% used [0x00000000fd980000,0x00000000fd980000,0x00000000fe000000)
 ParOldGen       total 183808K, used 12552K [0x00000000e0000000, 0x00000000eb380000, 0x00000000f5580000)
  object space 183808K, 6% used [0x00000000e0000000,0x00000000e0c42360,0x00000000eb380000)
 Metaspace       used 42087K, capacity 44036K, committed 44120K, reserved 1087488K
  class space    used 5806K, capacity 6224K, committed 6272K, reserved 1048576K
Event: 8.417 GC heap after
Heap after GC invocations=10 (full 2):
 PSYoungGen      total 124928K, used 2987K [0x00000000f5580000, 0x00000000fe000000, 0x0000000100000000)
  eden space 118272K, 0% used [0x00000000f5580000,0x00000000f5580000,0x00000000fc900000)
  from space 6656K, 44% used [0x00000000fd980000,0x00000000fdc6afc0,0x00000000fe000000)
  to   space 10752K, 0% used [0x00000000fcb00000,0x00000000fcb00000,0x00000000fd580000)
 ParOldGen       total 183808K, used 12560K [0x00000000e0000000, 0x00000000eb380000, 0x00000000f5580000)
  object space 183808K, 6% used [0x00000000e0000000,0x00000000e0c44360,0x00000000eb380000)
 Metaspace       used 42087K, capacity 44036K, committed 44120K, reserved 1087488K
  class space    used 5806K, capacity 6224K, committed 6272K, reserved 1048576K
}

