# JRE version: Java(TM) SE Runtime Environment (8.0_291-b10) (build 1.8.0_291-b10)
# Java VM: Java HotSpot(TM) 64-Bit Server VM (25.291-b10 mixed mode windows-amd64 compressed oops)
Heap:
 PSYoungGen      total 130560K, used 79308K [0x00000000f5580000, 0x0000000100000000, 0x0000000100000000)
  eden space 119296K, 63% used [0x00000000f5580000,0x00000000f9f8fcc8,0x00000000fca00000)
  from space 11264K, 30% used [0x00000000fca00000,0x00000000fcd63428,0x00000000fd500000)
  to   space 11776K, 0% used [0x00000000ff480000,0x00000000ff480000,0x0000000100000000)
 ParOldGen       total 185856K, used 12447K [0x00000000e0000000, 0x00000000eb580000, 0x00000000f5580000)
  object space 185856K, 6% used [0x00000000e0000000,0x00000000e0c27f78,0x00000000eb580000)
 Metaspace       used 42086K, capacity 44040K, committed 44120K, reserved 1087488K
  class space    used 5807K, capacity 6226K, committed 6272K, reserved 1048576K
GC Heap History (10 events):
Event: 2.698 GC heap before
{Heap before GC invocations=5 (full 1):
 PSYoungGen      total 75776K, used 71701K [0x00000000f5580000, 0x00000000fc000000, 0x0000000100000000)
  eden space 65024K, 100% used [0x00000000f5580000,0x00000000f9500000,0x00000000f9500000)
  from space 10752K, 62% used [0x00000000f9500000,0x00000000f9b85598,0x00000000f9f80000)
  to   space 10752K, 0% used [0x00000000fb580000,0x00000000fb580000,0x00000000fc000000)
 ParOldGen       total 116736K, used 9830K [0x00000000e0000000, 0x00000000e7200000, 0x00000000f5580000)
  object space 116736K, 8% used [0x00000000e0000000,0x00000000e0999a20,0x00000000e7200000)
 Metaspace       used 32012K, capacity 33372K, committed 33664K, reserved 1079296K
  class space    used 4347K, capacity 4664K, committed 4736K, reserved 1048576K
Event: 2.703 GC heap after
Heap after GC invocations=5 (full 1):
 PSYoungGen      total 98304K, used 8423K [0x00000000f5580000, 0x00000000fc000000, 0x0000000100000000)
  eden space 87552K, 0% used [0x00000000f5580000,0x00000000f5580000,0x00000000fab00000)
  from space 10752K, 78% used [0x00000000fb580000,0x00000000fbdb9dd0,0x00000000fc000000)
  to   space 10752K, 0% used [0x00000000fab00000,0x00000000fab00000,0x00000000fb580000)
 ParOldGen       total 116736K, used 9838K [0x00000000e0000000, 0x00000000e7200000, 0x00000000f5580000)
  object space 116736K, 8% used [0x00000000e0000000,0x00000000e099ba20,0x00000000e7200000)
 Metaspace       used 32012K, capacity 33372K, committed 33664K, reserved 1079296K
  class space    used 4347K, capacity 4664K, committed 4736K, reserved 1048576K
}
Event: 2.960 GC heap before
{Heap before GC invocations=6 (full 1):
 PSYoungGen      total 98304K, used 33342K [0x00000000f5580000, 0x00000000fc000000, 0x0000000100000000)
  eden space 87552K, 28% used [0x00000000f5580000,0x00000000f6dd5c10,0x00000000fab00000)
  from space 10752K, 78% used [0x00000000fb580000,0x00000000fbdb9dd0,0x00000000fc000000)
  to   space 10752K, 0% used [0x00000000fab00000,0x00000000fab00000,0x00000000fb580000)
 ParOldGen       total 116736K, used 9838K [0x00000000e0000000, 0x00000000e7200000, 0x00000000f5580000)
  object space 116736K, 8% used [0x00000000e0000000,0x00000000e099ba20,0x00000000e7200000)
 Metaspace       used 33884K, capacity 35344K, committed 35416K, reserved 1079296K
  class space    used 4642K, capacity 4972K, committed 4992K, reserved 1048576K
Event: 2.965 GC heap after
Heap after GC invocations=6 (full 1):
 PSYoungGen      total 98304K, used 7392K [0x00000000f5580000, 0x00000000fe400000, 0x0000000100000000)
  eden space 87552K, 0% used [0x00000000f5580000,0x00000000f5580000,0x00000000fab00000)
  from space 10752K, 68% used [0x00000000fab00000,0x00000000fb238280,0x00000000fb580000)
  to   space 10752K, 0% used [0x00000000fd980000,0x00000000fd980000,0x00000000fe400000)
 ParOldGen       total 116736K, used 9846K [0x00000000e0000000, 0x00000000e7200000, 0x00000000f5580000)
  object space 116736K, 8% used [0x00000000e0000000,0x00000000e099da20,0x00000000e7200000)
 Metaspace       used 33884K, capacity 35344K, committed 35416K, reserved 1079296K
  class space    used 4642K, capacity 4972K, committed 4992K, reserved 1048576K
}
Event: 2.965 GC heap before
{Heap before GC invocations=7 (full 2):
 PSYoungGen      total 98304K, used 7392K [0x00000000f5580000, 0x00000000fe400000, 0x0000000100000000)
  eden space 87552K, 0% used [0x00000000f5580000,0x00000000f5580000,0x00000000fab00000)
  from space 10752K, 68% used [0x00000000fab00000,0x00000000fb238280,0x00000000fb580000)
  to   space 10752K, 0% used [0x00000000fd980000,0x00000000fd980000,0x00000000fe400000)
 ParOldGen       total 116736K, used 9846K [0x00000000e0000000, 0x00000000e7200000, 0x00000000f5580000)
  object space 116736K, 8% used [0x00000000e0000000,0x00000000e099da20,0x00000000e7200000)
 Metaspace       used 33884K, capacity 35344K, committed 35416K, reserved 1079296K
  class space    used 4642K, capacity 4972K, committed 4992K, reserved 1048576K
Event: 2.993 GC heap after
Heap after GC invocations=7 (full 2):
 PSYoungGen      total 98304K, used 0K [0x00000000f5580000, 0x00000000fe400000, 0x0000000100000000)
  eden space 87552K, 0% used [0x00000000f5580000,0x00000000f5580000,0x00000000fab00000)
  from space 10752K, 0% used [0x00000000fab00000,0x00000000fab00000,0x00000000fb580000)
  to   space 10752K, 0% used [0x00000000fd980000,0x00000000fd980000,0x00000000fe400000)
 ParOldGen       total 185856K, used 12431K [0x00000000e0000000, 0x00000000eb580000, 0x00000000f5580000)
  object space 185856K, 6% used [0x00000000e0000000,0x00000000e0c23f78,0x00000000eb580000)
 Metaspace       used 33884K, capacity 35344K, committed 35416K, reserved 1079296K
  class space    used 4642K, capacity 4972K, committed 4992K, reserved 1048576K
}
Event: 4.970 GC heap before
{Heap before GC invocations=8 (full 2):
 PSYoungGen      total 98304K, used 87552K [0x00000000f5580000, 0x00000000fe400000, 0x0000000100000000)
  eden space 87552K, 100% used [0x00000000f5580000,0x00000000fab00000,0x00000000fab00000)
  from space 10752K, 0% used [0x00000000fab00000,0x00000000fab00000,0x00000000fb580000)
  to   space 10752K, 0% used [0x00000000fd980000,0x00000000fd980000,0x00000000fe400000)
 ParOldGen       total 185856K, used 12431K [0x00000000e0000000, 0x00000000eb580000, 0x00000000f5580000)
  object space 185856K, 6% used [0x00000000e0000000,0x00000000e0c23f78,0x00000000eb580000)
 Metaspace       used 39671K, capacity 41574K, committed 41816K, reserved 1085440K
  class space    used 5533K, capacity 5969K, committed 6016K, reserved 1048576K
Event: 4.977 GC heap after
Heap after GC invocations=8 (full 2):
 PSYoungGen      total 123904K, used 6345K [0x00000000f5580000, 0x00000000fe000000, 0x0000000100000000)
  eden space 117248K, 0% used [0x00000000f5580000,0x00000000f5580000,0x00000000fc800000)
  from space 6656K, 95% used [0x00000000fd980000,0x00000000fdfb26e8,0x00000000fe000000)
  to   space 11264K, 0% used [0x00000000fca00000,0x00000000fca00000,0x00000000fd500000)
 ParOldGen       total 185856K, used 12439K [0x00000000e0000000, 0x00000000eb580000, 0x00000000f5580000)
  object space 185856K, 6% used [0x00000000e0000000,0x00000000e0c25f78,0x00000000eb580000)
 Metaspace       used 39671K, capacity 41574K, committed 41816K, reserved 1085440K
  class space    used 5533K, capacity 5969K, committed 6016K, reserved 1048576K
}
Event: 7.454 GC heap before
{Heap before GC invocations=9 (full 2):
 PSYoungGen      total 123904K, used 123593K [0x00000000f5580000, 0x00000000fe000000, 0x0000000100000000)
  eden space 117248K, 100% used [0x00000000f5580000,0x00000000fc800000,0x00000000fc800000)
  from space 6656K, 95% used [0x00000000fd980000,0x00000000fdfb26e8,0x00000000fe000000)
  to   space 11264K, 0% used [0x00000000fca00000,0x00000000fca00000,0x00000000fd500000)
 ParOldGen       total 185856K, used 12439K [0x00000000e0000000, 0x00000000eb580000, 0x00000000f5580000)
  object space 185856K, 6% used [0x00000000e0000000,0x00000000e0c25f78,0x00000000eb580000)
 Metaspace       used 42049K, capacity 43970K, committed 44120K, reserved 1087488K
  class space    used 5806K, capacity 6225K, committed 6272K, reserved 1048576K
Event: 7.457 GC heap after
Heap after GC invocations=9 (full 2):
 PSYoungGen      total 130560K, used 3469K [0x00000000f5580000, 0x0000000100000000, 0x0000000100000000)
  eden space 119296K, 0% used [0x00000000f5580000,0x00000000f5580000,0x00000000fca00000)
  from space 11264K, 30% used [0x00000000fca00000,0x00000000fcd63428,0x00000000fd500000)
  to   space 11776K, 0% used [0x00000000ff480000,0x00000000ff480000,0x0000000100000000)
 ParOldGen       total 185856K, used 12447K [0x00000000e0000000, 0x00000000eb580000, 0x00000000f5580000)
  object space 185856K, 6% used [0x00000000e0000000,0x00000000e0c27f78,0x00000000eb580000)
 Metaspace       used 42049K, capacity 43970K, committed 44120K, reserved 1087488K
  class space    used 5806K, capacity 6225K, committed 6272K, reserved 1048576K
}

