# JRE version: Java(TM) SE Runtime Environment (8.0_291-b10) (build 1.8.0_291-b10)
# Java VM: Java HotSpot(TM) 64-Bit Server VM (25.291-b10 mixed mode windows-amd64 compressed oops)
Heap:
 PSYoungGen      total 162816K, used 30316K [0x00000000f5580000, 0x0000000100000000, 0x0000000100000000)
  eden space 151040K, 17% used [0x00000000f5580000,0x00000000f6f9a430,0x00000000fe900000)
  from space 11776K, 30% used [0x00000000ff480000,0x00000000ff800d60,0x0000000100000000)
  to   space 11776K, 0% used [0x00000000fe900000,0x00000000fe900000,0x00000000ff480000)
 ParOldGen       total 174080K, used 11399K [0x00000000e0000000, 0x00000000eaa00000, 0x00000000f5580000)
  object space 174080K, 6% used [0x00000000e0000000,0x00000000e0b21f38,0x00000000eaa00000)
 Metaspace       used 45561K, capacity 47600K, committed 47704K, reserved 1089536K
  class space    used 6289K, capacity 6752K, committed 6784K, reserved 1048576K
GC Heap History (10 events):
Event: 3.864 GC heap before
{Heap before GC invocations=8 (full 2):
 PSYoungGen      total 100352K, used 89600K [0x00000000f5580000, 0x00000000fef00000, 0x0000000100000000)
  eden space 89600K, 100% used [0x00000000f5580000,0x00000000fad00000,0x00000000fad00000)
  from space 10752K, 0% used [0x00000000fad00000,0x00000000fad00000,0x00000000fb780000)
  to   space 11264K, 0% used [0x00000000fe400000,0x00000000fe400000,0x00000000fef00000)
 ParOldGen       total 174080K, used 11359K [0x00000000e0000000, 0x00000000eaa00000, 0x00000000f5580000)
  object space 174080K, 6% used [0x00000000e0000000,0x00000000e0b17f38,0x00000000eaa00000)
 Metaspace       used 40113K, capacity 41612K, committed 41816K, reserved 1085440K
  class space    used 5571K, capacity 5922K, committed 6016K, reserved 1048576K
Event: 3.868 GC heap after
Heap after GC invocations=8 (full 2):
 PSYoungGen      total 131584K, used 6295K [0x00000000f5580000, 0x00000000fea80000, 0x0000000100000000)
  eden space 124928K, 0% used [0x00000000f5580000,0x00000000f5580000,0x00000000fcf80000)
  from space 6656K, 94% used [0x00000000fe400000,0x00000000fea25f18,0x00000000fea80000)
  to   space 11264K, 0% used [0x00000000fd480000,0x00000000fd480000,0x00000000fdf80000)
 ParOldGen       total 174080K, used 11367K [0x00000000e0000000, 0x00000000eaa00000, 0x00000000f5580000)
  object space 174080K, 6% used [0x00000000e0000000,0x00000000e0b19f38,0x00000000eaa00000)
 Metaspace       used 40113K, capacity 41612K, committed 41816K, reserved 1085440K
  class space    used 5571K, capacity 5922K, committed 6016K, reserved 1048576K
}
Event: 8.052 GC heap before
{Heap before GC invocations=9 (full 2):
 PSYoungGen      total 131584K, used 131223K [0x00000000f5580000, 0x00000000fea80000, 0x0000000100000000)
  eden space 124928K, 100% used [0x00000000f5580000,0x00000000fcf80000,0x00000000fcf80000)
  from space 6656K, 94% used [0x00000000fe400000,0x00000000fea25f18,0x00000000fea80000)
  to   space 11264K, 0% used [0x00000000fd480000,0x00000000fd480000,0x00000000fdf80000)
 ParOldGen       total 174080K, used 11367K [0x00000000e0000000, 0x00000000eaa00000, 0x00000000f5580000)
  object space 174080K, 6% used [0x00000000e0000000,0x00000000e0b19f38,0x00000000eaa00000)
 Metaspace       used 44473K, capacity 46422K, committed 46552K, reserved 1089536K
  class space    used 6142K, capacity 6573K, committed 6656K, reserved 1048576K
Event: 8.057 GC heap after
Heap after GC invocations=9 (full 2):
 PSYoungGen      total 141312K, used 5079K [0x00000000f5580000, 0x0000000100000000, 0x0000000100000000)
  eden space 130048K, 0% used [0x00000000f5580000,0x00000000f5580000,0x00000000fd480000)
  from space 11264K, 45% used [0x00000000fd480000,0x00000000fd975fb0,0x00000000fdf80000)
  to   space 11264K, 0% used [0x00000000ff500000,0x00000000ff500000,0x0000000100000000)
 ParOldGen       total 174080K, used 11375K [0x00000000e0000000, 0x00000000eaa00000, 0x00000000f5580000)
  object space 174080K, 6% used [0x00000000e0000000,0x00000000e0b1bf38,0x00000000eaa00000)
 Metaspace       used 44473K, capacity 46422K, committed 46552K, reserved 1089536K
  class space    used 6142K, capacity 6573K, committed 6656K, reserved 1048576K
}
Event: 8.548 GC heap before
{Heap before GC invocations=10 (full 2):
 PSYoungGen      total 141312K, used 135127K [0x00000000f5580000, 0x0000000100000000, 0x0000000100000000)
  eden space 130048K, 100% used [0x00000000f5580000,0x00000000fd480000,0x00000000fd480000)
  from space 11264K, 45% used [0x00000000fd480000,0x00000000fd975fb0,0x00000000fdf80000)
  to   space 11264K, 0% used [0x00000000ff500000,0x00000000ff500000,0x0000000100000000)
 ParOldGen       total 174080K, used 11375K [0x00000000e0000000, 0x00000000eaa00000, 0x00000000f5580000)
  object space 174080K, 6% used [0x00000000e0000000,0x00000000e0b1bf38,0x00000000eaa00000)
 Metaspace       used 44559K, capacity 46600K, committed 46808K, reserved 1089536K
  class space    used 6149K, capacity 6610K, committed 6656K, reserved 1048576K
Event: 8.552 GC heap after
Heap after GC invocations=10 (full 2):
 PSYoungGen      total 162304K, used 3484K [0x00000000f5580000, 0x0000000100000000, 0x0000000100000000)
  eden space 151040K, 0% used [0x00000000f5580000,0x00000000f5580000,0x00000000fe900000)
  from space 11264K, 30% used [0x00000000ff500000,0x00000000ff8670a0,0x0000000100000000)
  to   space 11776K, 0% used [0x00000000fe900000,0x00000000fe900000,0x00000000ff480000)
 ParOldGen       total 174080K, used 11383K [0x00000000e0000000, 0x00000000eaa00000, 0x00000000f5580000)
  object space 174080K, 6% used [0x00000000e0000000,0x00000000e0b1df38,0x00000000eaa00000)
 Metaspace       used 44559K, capacity 46600K, committed 46808K, reserved 1089536K
  class space    used 6149K, capacity 6610K, committed 6656K, reserved 1048576K
}
Event: 11.325 GC heap before
{Heap before GC invocations=11 (full 2):
 PSYoungGen      total 162304K, used 154524K [0x00000000f5580000, 0x0000000100000000, 0x0000000100000000)
  eden space 151040K, 100% used [0x00000000f5580000,0x00000000fe900000,0x00000000fe900000)
  from space 11264K, 30% used [0x00000000ff500000,0x00000000ff8670a0,0x0000000100000000)
  to   space 11776K, 0% used [0x00000000fe900000,0x00000000fe900000,0x00000000ff480000)
 ParOldGen       total 174080K, used 11383K [0x00000000e0000000, 0x00000000eaa00000, 0x00000000f5580000)
  object space 174080K, 6% used [0x00000000e0000000,0x00000000e0b1df38,0x00000000eaa00000)
 Metaspace       used 44638K, capacity 46628K, committed 46808K, reserved 1089536K
  class space    used 6158K, capacity 6620K, committed 6656K, reserved 1048576K
Event: 11.328 GC heap after
Heap after GC invocations=11 (full 2):
 PSYoungGen      total 162816K, used 5157K [0x00000000f5580000, 0x0000000100000000, 0x0000000100000000)
  eden space 151040K, 0% used [0x00000000f5580000,0x00000000f5580000,0x00000000fe900000)
  from space 11776K, 43% used [0x00000000fe900000,0x00000000fee095a0,0x00000000ff480000)
  to   space 11776K, 0% used [0x00000000ff480000,0x00000000ff480000,0x0000000100000000)
 ParOldGen       total 174080K, used 11391K [0x00000000e0000000, 0x00000000eaa00000, 0x00000000f5580000)
  object space 174080K, 6% used [0x00000000e0000000,0x00000000e0b1ff38,0x00000000eaa00000)
 Metaspace       used 44638K, capacity 46628K, committed 46808K, reserved 1089536K
  class space    used 6158K, capacity 6620K, committed 6656K, reserved 1048576K
}
Event: 12.597 GC heap before
{Heap before GC invocations=12 (full 2):
 PSYoungGen      total 162816K, used 156197K [0x00000000f5580000, 0x0000000100000000, 0x0000000100000000)
  eden space 151040K, 100% used [0x00000000f5580000,0x00000000fe900000,0x00000000fe900000)
  from space 11776K, 43% used [0x00000000fe900000,0x00000000fee095a0,0x00000000ff480000)
  to   space 11776K, 0% used [0x00000000ff480000,0x00000000ff480000,0x0000000100000000)
 ParOldGen       total 174080K, used 11391K [0x00000000e0000000, 0x00000000eaa00000, 0x00000000f5580000)
  object space 174080K, 6% used [0x00000000e0000000,0x00000000e0b1ff38,0x00000000eaa00000)
 Metaspace       used 44680K, capacity 46762K, committed 46808K, reserved 1089536K
  class space    used 6158K, capacity 6621K, committed 6656K, reserved 1048576K
Event: 12.600 GC heap after
Heap after GC invocations=12 (full 2):
 PSYoungGen      total 162816K, used 3587K [0x00000000f5580000, 0x0000000100000000, 0x0000000100000000)
  eden space 151040K, 0% used [0x00000000f5580000,0x00000000f5580000,0x00000000fe900000)
  from space 11776K, 30% used [0x00000000ff480000,0x00000000ff800d60,0x0000000100000000)
  to   space 11776K, 0% used [0x00000000fe900000,0x00000000fe900000,0x00000000ff480000)
 ParOldGen       total 174080K, used 11399K [0x00000000e0000000, 0x00000000eaa00000, 0x00000000f5580000)
  object space 174080K, 6% used [0x00000000e0000000,0x00000000e0b21f38,0x00000000eaa00000)
 Metaspace       used 44680K, capacity 46762K, committed 46808K, reserved 1089536K
  class space    used 6158K, capacity 6621K, committed 6656K, reserved 1048576K
}

