# JRE version: Java(TM) SE Runtime Environment (8.0_291-b10) (build 1.8.0_291-b10)
# Java VM: Java HotSpot(TM) 64-Bit Server VM (25.291-b10 mixed mode windows-amd64 compressed oops)
Heap:
 PSYoungGen      total 123392K, used 85799K [0x00000000f5580000, 0x00000000fe080000, 0x0000000100000000)
  eden space 116736K, 68% used [0x00000000f5580000,0x00000000fa31bcd8,0x00000000fc780000)
  from space 6656K, 95% used [0x00000000fda00000,0x00000000fe02e268,0x00000000fe080000)
  to   space 11264K, 0% used [0x00000000fca80000,0x00000000fca80000,0x00000000fd580000)
 ParOldGen       total 186368K, used 12494K [0x00000000e0000000, 0x00000000eb600000, 0x00000000f5580000)
  object space 186368K, 6% used [0x00000000e0000000,0x00000000e0c339f0,0x00000000eb600000)
 Metaspace       used 41953K, capacity 43876K, committed 44120K, reserved 1087488K
  class space    used 5796K, capacity 6216K, committed 6272K, reserved 1048576K
GC Heap History (10 events):
Event: 2.007 GC heap before
{Heap before GC invocations=4 (full 1):
 PSYoungGen      total 75776K, used 65024K [0x00000000f5580000, 0x00000000faa00000, 0x0000000100000000)
  eden space 65024K, 100% used [0x00000000f5580000,0x00000000f9500000,0x00000000f9500000)
  from space 10752K, 0% used [0x00000000f9f80000,0x00000000f9f80000,0x00000000faa00000)
  to   space 10752K, 0% used [0x00000000f9500000,0x00000000f9500000,0x00000000f9f80000)
 ParOldGen       total 116224K, used 9818K [0x00000000e0000000, 0x00000000e7180000, 0x00000000f5580000)
  object space 116224K, 8% used [0x00000000e0000000,0x00000000e0996890,0x00000000e7180000)
 Metaspace       used 26391K, capacity 27616K, committed 27904K, reserved 1073152K
  class space    used 3508K, capacity 3778K, committed 3840K, reserved 1048576K
Event: 2.010 GC heap after
Heap after GC invocations=4 (full 1):
 PSYoungGen      total 75776K, used 6761K [0x00000000f5580000, 0x00000000fc080000, 0x0000000100000000)
  eden space 65024K, 0% used [0x00000000f5580000,0x00000000f5580000,0x00000000f9500000)
  from space 10752K, 62% used [0x00000000f9500000,0x00000000f9b9a4f8,0x00000000f9f80000)
  to   space 10752K, 0% used [0x00000000fb600000,0x00000000fb600000,0x00000000fc080000)
 ParOldGen       total 116224K, used 9826K [0x00000000e0000000, 0x00000000e7180000, 0x00000000f5580000)
  object space 116224K, 8% used [0x00000000e0000000,0x00000000e0998890,0x00000000e7180000)
 Metaspace       used 26391K, capacity 27616K, committed 27904K, reserved 1073152K
  class space    used 3508K, capacity 3778K, committed 3840K, reserved 1048576K
}
Event: 2.710 GC heap before
{Heap before GC invocations=5 (full 1):
 PSYoungGen      total 75776K, used 71785K [0x00000000f5580000, 0x00000000fc080000, 0x0000000100000000)
  eden space 65024K, 100% used [0x00000000f5580000,0x00000000f9500000,0x00000000f9500000)
  from space 10752K, 62% used [0x00000000f9500000,0x00000000f9b9a4f8,0x00000000f9f80000)
  to   space 10752K, 0% used [0x00000000fb600000,0x00000000fb600000,0x00000000fc080000)
 ParOldGen       total 116224K, used 9826K [0x00000000e0000000, 0x00000000e7180000, 0x00000000f5580000)
  object space 116224K, 8% used [0x00000000e0000000,0x00000000e0998890,0x00000000e7180000)
 Metaspace       used 32011K, capacity 33366K, committed 33664K, reserved 1079296K
  class space    used 4346K, capacity 4663K, committed 4736K, reserved 1048576K
Event: 2.716 GC heap after
Heap after GC invocations=5 (full 1):
 PSYoungGen      total 98816K, used 8344K [0x00000000f5580000, 0x00000000fc100000, 0x0000000100000000)
  eden space 88064K, 0% used [0x00000000f5580000,0x00000000f5580000,0x00000000fab80000)
  from space 10752K, 77% used [0x00000000fb600000,0x00000000fbe26048,0x00000000fc080000)
  to   space 10752K, 0% used [0x00000000fab80000,0x00000000fab80000,0x00000000fb600000)
 ParOldGen       total 116224K, used 9834K [0x00000000e0000000, 0x00000000e7180000, 0x00000000f5580000)
  object space 116224K, 8% used [0x00000000e0000000,0x00000000e099a890,0x00000000e7180000)
 Metaspace       used 32011K, capacity 33366K, committed 33664K, reserved 1079296K
  class space    used 4346K, capacity 4663K, committed 4736K, reserved 1048576K
}
Event: 2.979 GC heap before
{Heap before GC invocations=6 (full 1):
 PSYoungGen      total 98816K, used 33403K [0x00000000f5580000, 0x00000000fc100000, 0x0000000100000000)
  eden space 88064K, 28% used [0x00000000f5580000,0x00000000f6df8f98,0x00000000fab80000)
  from space 10752K, 77% used [0x00000000fb600000,0x00000000fbe26048,0x00000000fc080000)
  to   space 10752K, 0% used [0x00000000fab80000,0x00000000fab80000,0x00000000fb600000)
 ParOldGen       total 116224K, used 9834K [0x00000000e0000000, 0x00000000e7180000, 0x00000000f5580000)
  object space 116224K, 8% used [0x00000000e0000000,0x00000000e099a890,0x00000000e7180000)
 Metaspace       used 33889K, capacity 35338K, committed 35416K, reserved 1079296K
  class space    used 4643K, capacity 4971K, committed 4992K, reserved 1048576K
Event: 2.983 GC heap after
Heap after GC invocations=6 (full 1):
 PSYoungGen      total 98816K, used 7414K [0x00000000f5580000, 0x00000000fe480000, 0x0000000100000000)
  eden space 88064K, 0% used [0x00000000f5580000,0x00000000f5580000,0x00000000fab80000)
  from space 10752K, 68% used [0x00000000fab80000,0x00000000fb2bdbd8,0x00000000fb600000)
  to   space 10752K, 0% used [0x00000000fda00000,0x00000000fda00000,0x00000000fe480000)
 ParOldGen       total 116224K, used 9842K [0x00000000e0000000, 0x00000000e7180000, 0x00000000f5580000)
  object space 116224K, 8% used [0x00000000e0000000,0x00000000e099c890,0x00000000e7180000)
 Metaspace       used 33889K, capacity 35338K, committed 35416K, reserved 1079296K
  class space    used 4643K, capacity 4971K, committed 4992K, reserved 1048576K
}
Event: 2.983 GC heap before
{Heap before GC invocations=7 (full 2):
 PSYoungGen      total 98816K, used 7414K [0x00000000f5580000, 0x00000000fe480000, 0x0000000100000000)
  eden space 88064K, 0% used [0x00000000f5580000,0x00000000f5580000,0x00000000fab80000)
  from space 10752K, 68% used [0x00000000fab80000,0x00000000fb2bdbd8,0x00000000fb600000)
  to   space 10752K, 0% used [0x00000000fda00000,0x00000000fda00000,0x00000000fe480000)
 ParOldGen       total 116224K, used 9842K [0x00000000e0000000, 0x00000000e7180000, 0x00000000f5580000)
  object space 116224K, 8% used [0x00000000e0000000,0x00000000e099c890,0x00000000e7180000)
 Metaspace       used 33889K, capacity 35338K, committed 35416K, reserved 1079296K
  class space    used 4643K, capacity 4971K, committed 4992K, reserved 1048576K
Event: 3.011 GC heap after
Heap after GC invocations=7 (full 2):
 PSYoungGen      total 98816K, used 0K [0x00000000f5580000, 0x00000000fe480000, 0x0000000100000000)
  eden space 88064K, 0% used [0x00000000f5580000,0x00000000f5580000,0x00000000fab80000)
  from space 10752K, 0% used [0x00000000fab80000,0x00000000fab80000,0x00000000fb600000)
  to   space 10752K, 0% used [0x00000000fda00000,0x00000000fda00000,0x00000000fe480000)
 ParOldGen       total 186368K, used 12486K [0x00000000e0000000, 0x00000000eb600000, 0x00000000f5580000)
  object space 186368K, 6% used [0x00000000e0000000,0x00000000e0c319f0,0x00000000eb600000)
 Metaspace       used 33889K, capacity 35338K, committed 35416K, reserved 1079296K
  class space    used 4643K, capacity 4971K, committed 4992K, reserved 1048576K
}
Event: 4.968 GC heap before
{Heap before GC invocations=8 (full 2):
 PSYoungGen      total 98816K, used 88064K [0x00000000f5580000, 0x00000000fe480000, 0x0000000100000000)
  eden space 88064K, 100% used [0x00000000f5580000,0x00000000fab80000,0x00000000fab80000)
  from space 10752K, 0% used [0x00000000fab80000,0x00000000fab80000,0x00000000fb600000)
  to   space 10752K, 0% used [0x00000000fda00000,0x00000000fda00000,0x00000000fe480000)
 ParOldGen       total 186368K, used 12486K [0x00000000e0000000, 0x00000000eb600000, 0x00000000f5580000)
  object space 186368K, 6% used [0x00000000e0000000,0x00000000e0c319f0,0x00000000eb600000)
 Metaspace       used 39662K, capacity 41574K, committed 41816K, reserved 1085440K
  class space    used 5533K, capacity 5969K, committed 6016K, reserved 1048576K
Event: 4.973 GC heap after
Heap after GC invocations=8 (full 2):
 PSYoungGen      total 123392K, used 6328K [0x00000000f5580000, 0x00000000fe080000, 0x0000000100000000)
  eden space 116736K, 0% used [0x00000000f5580000,0x00000000f5580000,0x00000000fc780000)
  from space 6656K, 95% used [0x00000000fda00000,0x00000000fe02e268,0x00000000fe080000)
  to   space 11264K, 0% used [0x00000000fca80000,0x00000000fca80000,0x00000000fd580000)
 ParOldGen       total 186368K, used 12494K [0x00000000e0000000, 0x00000000eb600000, 0x00000000f5580000)
  object space 186368K, 6% used [0x00000000e0000000,0x00000000e0c339f0,0x00000000eb600000)
 Metaspace       used 39662K, capacity 41574K, committed 41816K, reserved 1085440K
  class space    used 5533K, capacity 5969K, committed 6016K, reserved 1048576K
}

