# JRE version: Java(TM) SE Runtime Environment (8.0_291-b10) (build 1.8.0_291-b10)
# Java VM: Java HotSpot(TM) 64-Bit Server VM (25.291-b10 mixed mode windows-amd64 compressed oops)
Heap:
 PSYoungGen      total 127488K, used 59932K [0x00000000f5580000, 0x0000000100000000, 0x0000000100000000)
  eden space 101888K, 34% used [0x00000000f5580000,0x00000000f7762090,0x00000000fb900000)
  from space 25600K, 98% used [0x00000000fb900000,0x00000000fd1a5120,0x00000000fd200000)
  to   space 38400K, 0% used [0x00000000fda80000,0x00000000fda80000,0x0000000100000000)
 ParOldGen       total 244736K, used 90235K [0x00000000e0000000, 0x00000000eef00000, 0x00000000f5580000)
  object space 244736K, 36% used [0x00000000e0000000,0x00000000e581ee58,0x00000000eef00000)
 Metaspace       used 75397K, capacity 79973K, committed 80256K, reserved 1118208K
  class space    used 10346K, capacity 11274K, committed 11392K, reserved 1048576K
GC Heap History (10 events):
Event: 302.596 GC heap before
{Heap before GC invocations=26 (full 3):
 PSYoungGen      total 136192K, used 127779K [0x00000000f5580000, 0x0000000100000000, 0x0000000100000000)
  eden space 103936K, 100% used [0x00000000f5580000,0x00000000fbb00000,0x00000000fbb00000)
  from space 32256K, 73% used [0x00000000fe080000,0x00000000ff7c8cb8,0x0000000100000000)
  to   space 35328K, 0% used [0x00000000fbb00000,0x00000000fbb00000,0x00000000fdd80000)
 ParOldGen       total 244736K, used 90203K [0x00000000e0000000, 0x00000000eef00000, 0x00000000f5580000)
  object space 244736K, 36% used [0x00000000e0000000,0x00000000e5816e58,0x00000000eef00000)
 Metaspace       used 73917K, capacity 78445K, committed 78720K, reserved 1116160K
  class space    used 10185K, capacity 11085K, committed 11136K, reserved 1048576K
Event: 302.601 GC heap after
Heap after GC invocations=26 (full 3):
 PSYoungGen      total 139264K, used 5258K [0x00000000f5580000, 0x0000000100000000, 0x0000000100000000)
  eden space 103936K, 0% used [0x00000000f5580000,0x00000000f5580000,0x00000000fbb00000)
  from space 35328K, 14% used [0x00000000fbb00000,0x00000000fc0229d0,0x00000000fdd80000)
  to   space 34816K, 0% used [0x00000000fde00000,0x00000000fde00000,0x0000000100000000)
 ParOldGen       total 244736K, used 90211K [0x00000000e0000000, 0x00000000eef00000, 0x00000000f5580000)
  object space 244736K, 36% used [0x00000000e0000000,0x00000000e5818e58,0x00000000eef00000)
 Metaspace       used 73917K, capacity 78445K, committed 78720K, reserved 1116160K
  class space    used 10185K, capacity 11085K, committed 11136K, reserved 1048576K
}
Event: 302.767 GC heap before
{Heap before GC invocations=27 (full 3):
 PSYoungGen      total 139264K, used 109194K [0x00000000f5580000, 0x0000000100000000, 0x0000000100000000)
  eden space 103936K, 100% used [0x00000000f5580000,0x00000000fbb00000,0x00000000fbb00000)
  from space 35328K, 14% used [0x00000000fbb00000,0x00000000fc0229d0,0x00000000fdd80000)
  to   space 34816K, 0% used [0x00000000fde00000,0x00000000fde00000,0x0000000100000000)
 ParOldGen       total 244736K, used 90211K [0x00000000e0000000, 0x00000000eef00000, 0x00000000f5580000)
  object space 244736K, 36% used [0x00000000e0000000,0x00000000e5818e58,0x00000000eef00000)
 Metaspace       used 73919K, capacity 78445K, committed 78720K, reserved 1116160K
  class space    used 10185K, capacity 11085K, committed 11136K, reserved 1048576K
Event: 302.773 GC heap after
Heap after GC invocations=27 (full 3):
 PSYoungGen      total 137728K, used 6264K [0x00000000f5580000, 0x00000000ffe80000, 0x0000000100000000)
  eden space 104448K, 0% used [0x00000000f5580000,0x00000000f5580000,0x00000000fbb80000)
  from space 33280K, 18% used [0x00000000fde00000,0x00000000fe41e028,0x00000000ffe80000)
  to   space 34304K, 0% used [0x00000000fbb80000,0x00000000fbb80000,0x00000000fdd00000)
 ParOldGen       total 244736K, used 90211K [0x00000000e0000000, 0x00000000eef00000, 0x00000000f5580000)
  object space 244736K, 36% used [0x00000000e0000000,0x00000000e5818e58,0x00000000eef00000)
 Metaspace       used 73919K, capacity 78445K, committed 78720K, reserved 1116160K
  class space    used 10185K, capacity 11085K, committed 11136K, reserved 1048576K
}
Event: 303.035 GC heap before
{Heap before GC invocations=28 (full 3):
 PSYoungGen      total 137728K, used 110712K [0x00000000f5580000, 0x00000000ffe80000, 0x0000000100000000)
  eden space 104448K, 100% used [0x00000000f5580000,0x00000000fbb80000,0x00000000fbb80000)
  from space 33280K, 18% used [0x00000000fde00000,0x00000000fe41e028,0x00000000ffe80000)
  to   space 34304K, 0% used [0x00000000fbb80000,0x00000000fbb80000,0x00000000fdd00000)
 ParOldGen       total 244736K, used 90211K [0x00000000e0000000, 0x00000000eef00000, 0x00000000f5580000)
  object space 244736K, 36% used [0x00000000e0000000,0x00000000e5818e58,0x00000000eef00000)
 Metaspace       used 74019K, capacity 78597K, committed 78720K, reserved 1116160K
  class space    used 10193K, capacity 11099K, committed 11136K, reserved 1048576K
Event: 303.042 GC heap after
Heap after GC invocations=28 (full 3):
 PSYoungGen      total 138752K, used 7720K [0x00000000f5580000, 0x00000000fff00000, 0x0000000100000000)
  eden space 104448K, 0% used [0x00000000f5580000,0x00000000f5580000,0x00000000fbb80000)
  from space 34304K, 22% used [0x00000000fbb80000,0x00000000fc30a018,0x00000000fdd00000)
  to   space 33280K, 0% used [0x00000000fde80000,0x00000000fde80000,0x00000000fff00000)
 ParOldGen       total 244736K, used 90219K [0x00000000e0000000, 0x00000000eef00000, 0x00000000f5580000)
  object space 244736K, 36% used [0x00000000e0000000,0x00000000e581ae58,0x00000000eef00000)
 Metaspace       used 74019K, capacity 78597K, committed 78720K, reserved 1116160K
  class space    used 10193K, capacity 11099K, committed 11136K, reserved 1048576K
}
Event: 303.910 GC heap before
{Heap before GC invocations=29 (full 3):
 PSYoungGen      total 138752K, used 112168K [0x00000000f5580000, 0x00000000fff00000, 0x0000000100000000)
  eden space 104448K, 100% used [0x00000000f5580000,0x00000000fbb80000,0x00000000fbb80000)
  from space 34304K, 22% used [0x00000000fbb80000,0x00000000fc30a018,0x00000000fdd00000)
  to   space 33280K, 0% used [0x00000000fde80000,0x00000000fde80000,0x00000000fff00000)
 ParOldGen       total 244736K, used 90219K [0x00000000e0000000, 0x00000000eef00000, 0x00000000f5580000)
  object space 244736K, 36% used [0x00000000e0000000,0x00000000e581ae58,0x00000000eef00000)
 Metaspace       used 74111K, capacity 78709K, committed 78976K, reserved 1118208K
  class space    used 10199K, capacity 11107K, committed 11136K, reserved 1048576K
Event: 303.921 GC heap after
Heap after GC invocations=29 (full 3):
 PSYoungGen      total 135168K, used 26950K [0x00000000f5580000, 0x0000000100000000, 0x0000000100000000)
  eden space 101888K, 0% used [0x00000000f5580000,0x00000000f5580000,0x00000000fb900000)
  from space 33280K, 80% used [0x00000000fde80000,0x00000000ff8d1bb0,0x00000000fff00000)
  to   space 36352K, 0% used [0x00000000fb900000,0x00000000fb900000,0x00000000fdc80000)
 ParOldGen       total 244736K, used 90227K [0x00000000e0000000, 0x00000000eef00000, 0x00000000f5580000)
  object space 244736K, 36% used [0x00000000e0000000,0x00000000e581ce58,0x00000000eef00000)
 Metaspace       used 74111K, capacity 78709K, committed 78976K, reserved 1118208K
  class space    used 10199K, capacity 11107K, committed 11136K, reserved 1048576K
}
Event: 304.354 GC heap before
{Heap before GC invocations=30 (full 3):
 PSYoungGen      total 135168K, used 128838K [0x00000000f5580000, 0x0000000100000000, 0x0000000100000000)
  eden space 101888K, 100% used [0x00000000f5580000,0x00000000fb900000,0x00000000fb900000)
  from space 33280K, 80% used [0x00000000fde80000,0x00000000ff8d1bb0,0x00000000fff00000)
  to   space 36352K, 0% used [0x00000000fb900000,0x00000000fb900000,0x00000000fdc80000)
 ParOldGen       total 244736K, used 90227K [0x00000000e0000000, 0x00000000eef00000, 0x00000000f5580000)
  object space 244736K, 36% used [0x00000000e0000000,0x00000000e581ce58,0x00000000eef00000)
 Metaspace       used 75383K, capacity 79969K, committed 80256K, reserved 1118208K
  class space    used 10346K, capacity 11274K, committed 11392K, reserved 1048576K
Event: 304.372 GC heap after
Heap after GC invocations=30 (full 3):
 PSYoungGen      total 127488K, used 25236K [0x00000000f5580000, 0x0000000100000000, 0x0000000100000000)
  eden space 101888K, 0% used [0x00000000f5580000,0x00000000f5580000,0x00000000fb900000)
  from space 25600K, 98% used [0x00000000fb900000,0x00000000fd1a5120,0x00000000fd200000)
  to   space 38400K, 0% used [0x00000000fda80000,0x00000000fda80000,0x0000000100000000)
 ParOldGen       total 244736K, used 90235K [0x00000000e0000000, 0x00000000eef00000, 0x00000000f5580000)
  object space 244736K, 36% used [0x00000000e0000000,0x00000000e581ee58,0x00000000eef00000)
 Metaspace       used 75383K, capacity 79969K, committed 80256K, reserved 1118208K
  class space    used 10346K, capacity 11274K, committed 11392K, reserved 1048576K
}

