# JRE version: Java(TM) SE Runtime Environment (8.0_291-b10) (build 1.8.0_291-b10)
# Java VM: Java HotSpot(TM) 64-Bit Server VM (25.291-b10 mixed mode windows-amd64 compressed oops)
Heap:
 PSYoungGen      total 134144K, used 74763K [0x00000000f5580000, 0x0000000100000000, 0x0000000100000000)
  eden space 122880K, 58% used [0x00000000f5580000,0x00000000f9b247d8,0x00000000fcd80000)
  from space 11264K, 30% used [0x00000000fcd80000,0x00000000fd0de6a0,0x00000000fd880000)
  to   space 11776K, 0% used [0x00000000ff480000,0x00000000ff480000,0x0000000100000000)
 ParOldGen       total 180224K, used 12505K [0x00000000e0000000, 0x00000000eb000000, 0x00000000f5580000)
  object space 180224K, 6% used [0x00000000e0000000,0x00000000e0c366c0,0x00000000eb000000)
 Metaspace       used 42050K, capacity 43976K, committed 44120K, reserved 1087488K
  class space    used 5807K, capacity 6226K, committed 6272K, reserved 1048576K
GC Heap History (10 events):
Event: 2.647 GC heap before
{Heap before GC invocations=5 (full 1):
 PSYoungGen      total 75776K, used 71766K [0x00000000f5580000, 0x00000000fc200000, 0x0000000100000000)
  eden space 65024K, 100% used [0x00000000f5580000,0x00000000f9500000,0x00000000f9500000)
  from space 10752K, 62% used [0x00000000f9500000,0x00000000f9b95870,0x00000000f9f80000)
  to   space 10752K, 0% used [0x00000000fb780000,0x00000000fb780000,0x00000000fc200000)
 ParOldGen       total 114176K, used 9826K [0x00000000e0000000, 0x00000000e6f80000, 0x00000000f5580000)
  object space 114176K, 8% used [0x00000000e0000000,0x00000000e0998848,0x00000000e6f80000)
 Metaspace       used 32011K, capacity 33368K, committed 33664K, reserved 1079296K
  class space    used 4346K, capacity 4664K, committed 4736K, reserved 1048576K
Event: 2.652 GC heap after
Heap after GC invocations=5 (full 1):
 PSYoungGen      total 99328K, used 8398K [0x00000000f5580000, 0x00000000fc180000, 0x0000000100000000)
  eden space 89088K, 0% used [0x00000000f5580000,0x00000000f5580000,0x00000000fac80000)
  from space 10240K, 82% used [0x00000000fb780000,0x00000000fbfb39e8,0x00000000fc180000)
  to   space 10752K, 0% used [0x00000000fac80000,0x00000000fac80000,0x00000000fb700000)
 ParOldGen       total 114176K, used 9834K [0x00000000e0000000, 0x00000000e6f80000, 0x00000000f5580000)
  object space 114176K, 8% used [0x00000000e0000000,0x00000000e099a848,0x00000000e6f80000)
 Metaspace       used 32011K, capacity 33368K, committed 33664K, reserved 1079296K
  class space    used 4346K, capacity 4664K, committed 4736K, reserved 1048576K
}
Event: 2.892 GC heap before
{Heap before GC invocations=6 (full 1):
 PSYoungGen      total 99328K, used 33659K [0x00000000f5580000, 0x00000000fc180000, 0x0000000100000000)
  eden space 89088K, 28% used [0x00000000f5580000,0x00000000f6e2b430,0x00000000fac80000)
  from space 10240K, 82% used [0x00000000fb780000,0x00000000fbfb39e8,0x00000000fc180000)
  to   space 10752K, 0% used [0x00000000fac80000,0x00000000fac80000,0x00000000fb700000)
 ParOldGen       total 114176K, used 9834K [0x00000000e0000000, 0x00000000e6f80000, 0x00000000f5580000)
  object space 114176K, 8% used [0x00000000e0000000,0x00000000e099a848,0x00000000e6f80000)
 Metaspace       used 33891K, capacity 35340K, committed 35416K, reserved 1079296K
  class space    used 4643K, capacity 4972K, committed 4992K, reserved 1048576K
Event: 2.897 GC heap after
Heap after GC invocations=6 (full 1):
 PSYoungGen      total 99840K, used 7480K [0x00000000f5580000, 0x00000000fe780000, 0x0000000100000000)
  eden space 89088K, 0% used [0x00000000f5580000,0x00000000f5580000,0x00000000fac80000)
  from space 10752K, 69% used [0x00000000fac80000,0x00000000fb3ce1e0,0x00000000fb700000)
  to   space 10752K, 0% used [0x00000000fdd00000,0x00000000fdd00000,0x00000000fe780000)
 ParOldGen       total 114176K, used 9842K [0x00000000e0000000, 0x00000000e6f80000, 0x00000000f5580000)
  object space 114176K, 8% used [0x00000000e0000000,0x00000000e099c848,0x00000000e6f80000)
 Metaspace       used 33891K, capacity 35340K, committed 35416K, reserved 1079296K
  class space    used 4643K, capacity 4972K, committed 4992K, reserved 1048576K
}
Event: 2.897 GC heap before
{Heap before GC invocations=7 (full 2):
 PSYoungGen      total 99840K, used 7480K [0x00000000f5580000, 0x00000000fe780000, 0x0000000100000000)
  eden space 89088K, 0% used [0x00000000f5580000,0x00000000f5580000,0x00000000fac80000)
  from space 10752K, 69% used [0x00000000fac80000,0x00000000fb3ce1e0,0x00000000fb700000)
  to   space 10752K, 0% used [0x00000000fdd00000,0x00000000fdd00000,0x00000000fe780000)
 ParOldGen       total 114176K, used 9842K [0x00000000e0000000, 0x00000000e6f80000, 0x00000000f5580000)
  object space 114176K, 8% used [0x00000000e0000000,0x00000000e099c848,0x00000000e6f80000)
 Metaspace       used 33891K, capacity 35340K, committed 35416K, reserved 1079296K
  class space    used 4643K, capacity 4972K, committed 4992K, reserved 1048576K
Event: 2.925 GC heap after
Heap after GC invocations=7 (full 2):
 PSYoungGen      total 99840K, used 0K [0x00000000f5580000, 0x00000000fe780000, 0x0000000100000000)
  eden space 89088K, 0% used [0x00000000f5580000,0x00000000f5580000,0x00000000fac80000)
  from space 10752K, 0% used [0x00000000fac80000,0x00000000fac80000,0x00000000fb700000)
  to   space 10752K, 0% used [0x00000000fdd00000,0x00000000fdd00000,0x00000000fe780000)
 ParOldGen       total 180224K, used 12489K [0x00000000e0000000, 0x00000000eb000000, 0x00000000f5580000)
  object space 180224K, 6% used [0x00000000e0000000,0x00000000e0c326c0,0x00000000eb000000)
 Metaspace       used 33891K, capacity 35340K, committed 35416K, reserved 1079296K
  class space    used 4643K, capacity 4972K, committed 4992K, reserved 1048576K
}
Event: 4.827 GC heap before
{Heap before GC invocations=8 (full 2):
 PSYoungGen      total 99840K, used 89088K [0x00000000f5580000, 0x00000000fe780000, 0x0000000100000000)
  eden space 89088K, 100% used [0x00000000f5580000,0x00000000fac80000,0x00000000fac80000)
  from space 10752K, 0% used [0x00000000fac80000,0x00000000fac80000,0x00000000fb700000)
  to   space 10752K, 0% used [0x00000000fdd00000,0x00000000fdd00000,0x00000000fe780000)
 ParOldGen       total 180224K, used 12489K [0x00000000e0000000, 0x00000000eb000000, 0x00000000f5580000)
  object space 180224K, 6% used [0x00000000e0000000,0x00000000e0c326c0,0x00000000eb000000)
 Metaspace       used 39656K, capacity 41570K, committed 41816K, reserved 1085440K
  class space    used 5533K, capacity 5969K, committed 6016K, reserved 1048576K
Event: 4.832 GC heap after
Heap after GC invocations=8 (full 2):
 PSYoungGen      total 126464K, used 6344K [0x00000000f5580000, 0x00000000fe380000, 0x0000000100000000)
  eden space 119808K, 0% used [0x00000000f5580000,0x00000000f5580000,0x00000000fca80000)
  from space 6656K, 95% used [0x00000000fdd00000,0x00000000fe332330,0x00000000fe380000)
  to   space 11264K, 0% used [0x00000000fcd80000,0x00000000fcd80000,0x00000000fd880000)
 ParOldGen       total 180224K, used 12497K [0x00000000e0000000, 0x00000000eb000000, 0x00000000f5580000)
  object space 180224K, 6% used [0x00000000e0000000,0x00000000e0c346c0,0x00000000eb000000)
 Metaspace       used 39656K, capacity 41570K, committed 41816K, reserved 1085440K
  class space    used 5533K, capacity 5969K, committed 6016K, reserved 1048576K
}
Event: 7.745 GC heap before
{Heap before GC invocations=9 (full 2):
 PSYoungGen      total 126464K, used 126152K [0x00000000f5580000, 0x00000000fe380000, 0x0000000100000000)
  eden space 119808K, 100% used [0x00000000f5580000,0x00000000fca80000,0x00000000fca80000)
  from space 6656K, 95% used [0x00000000fdd00000,0x00000000fe332330,0x00000000fe380000)
  to   space 11264K, 0% used [0x00000000fcd80000,0x00000000fcd80000,0x00000000fd880000)
 ParOldGen       total 180224K, used 12497K [0x00000000e0000000, 0x00000000eb000000, 0x00000000f5580000)
  object space 180224K, 6% used [0x00000000e0000000,0x00000000e0c346c0,0x00000000eb000000)
 Metaspace       used 42013K, capacity 43970K, committed 44120K, reserved 1087488K
  class space    used 5806K, capacity 6225K, committed 6272K, reserved 1048576K
Event: 7.748 GC heap after
Heap after GC invocations=9 (full 2):
 PSYoungGen      total 134144K, used 3449K [0x00000000f5580000, 0x0000000100000000, 0x0000000100000000)
  eden space 122880K, 0% used [0x00000000f5580000,0x00000000f5580000,0x00000000fcd80000)
  from space 11264K, 30% used [0x00000000fcd80000,0x00000000fd0de6a0,0x00000000fd880000)
  to   space 11776K, 0% used [0x00000000ff480000,0x00000000ff480000,0x0000000100000000)
 ParOldGen       total 180224K, used 12505K [0x00000000e0000000, 0x00000000eb000000, 0x00000000f5580000)
  object space 180224K, 6% used [0x00000000e0000000,0x00000000e0c366c0,0x00000000eb000000)
 Metaspace       used 42013K, capacity 43970K, committed 44120K, reserved 1087488K
  class space    used 5806K, capacity 6225K, committed 6272K, reserved 1048576K
}

